2023-09-07 15:16:22.548+05:30 ERROR c.m.applicationinsights.agent - 
*************************
Application Insights Java Agent 3.4.12 startup failed (PID 23664)
*************************

Description:
No connection string provided

Action:
Please provide connection string.

2023-09-07 15:22:25.209+05:30 ERROR c.m.applicationinsights.agent - 
*************************
Application Insights Java Agent 3.4.12 startup failed (PID 12648)
*************************

Description:
No connection string provided

Action:
Please provide connection string.

2023-09-07 15:55:59.183+05:30 ERROR c.m.applicationinsights.agent - 
*************************
Application Insights Java Agent 3.4.12 startup failed (PID 5804)
*************************

Description:
No connection string provided

Action:
Please provide connection string.

2023-09-07 15:58:03.422+05:30 ERROR c.m.applicationinsights.agent - 
*************************
Application Insights Java Agent 3.4.12 startup failed (PID 9036)
*************************

Description:
No connection string provided

Action:
Please provide connection string.

2023-09-07 15:59:32.495+05:30 ERROR c.m.applicationinsights.agent - 
*************************
Application Insights Java Agent 3.4.12 startup failed (PID 3492)
*************************

Description:
No connection string provided

Action:
Please provide connection string.

